2021-10-31 19:35:58 0 [Note] InnoDB: The first data file './ibdata1' did not exist. A new tablespace will be created!
2021-10-31 19:35:58 0 [Note] InnoDB: Compressed tables use zlib 1.2.11
2021-10-31 19:35:58 0 [Note] InnoDB: Number of pools: 1
2021-10-31 19:35:58 0 [Note] InnoDB: Using crc32 + pclmulqdq instructions
2021-10-31 19:35:58 0 [Note] InnoDB: Initializing buffer pool, total size = 1073741824, chunk size = 134217728
2021-10-31 19:35:59 0 [Note] InnoDB: Completed initialization of buffer pool
2021-10-31 19:35:59 0 [Note] InnoDB: Setting file './ibdata1' size to 12 MB. Physically writing the file full; Please wait ...
2021-10-31 19:35:59 0 [Note] InnoDB: File './ibdata1' size is now 12 MB.
2021-10-31 19:35:59 0 [Note] InnoDB: Setting log file ./ib_logfile101 size to 100663296 bytes
2021-10-31 19:35:59 0 [Note] InnoDB: Renaming log file ./ib_logfile101 to ./ib_logfile0
2021-10-31 19:35:59 0 [Note] InnoDB: New log file created, LSN=10317
2021-10-31 19:35:59 0 [Note] InnoDB: Doublewrite buffer not found: creating new
2021-10-31 19:35:59 0 [Note] InnoDB: Doublewrite buffer created
2021-10-31 19:35:59 0 [Note] InnoDB: 128 rollback segments are active.
2021-10-31 19:35:59 0 [Note] InnoDB: Creating shared tablespace for temporary tables
2021-10-31 19:35:59 0 [Note] InnoDB: Setting file './ibtmp1' size to 12 MB. Physically writing the file full; Please wait ...
2021-10-31 19:35:59 0 [Note] InnoDB: File './ibtmp1' size is now 12 MB.
2021-10-31 19:35:59 0 [Note] InnoDB: 10.6.4 started; log sequence number 0; transaction id 3
2021-10-31 19:35:59 0 [Note] Plugin 'FEEDBACK' is disabled.
2021-10-31 19:35:59 0 [ERROR] Could not open mysql.plugin table: "Table 'mysql.plugin' doesn't exist". Some plugins may be not loaded
2021-10-31 19:35:59 0 [ERROR] Can't open and lock privilege tables: Table 'mysql.servers' doesn't exist
2021-10-31 19:35:59 0 [Note] Server socket created on IP: '::'.
2021-10-31 19:35:59 0 [ERROR] Can't start server: Bind on TCP/IP port. Got error: 10048: Only one usage of each socket address (protocol/network address/port) is normally permitted.

2021-10-31 19:35:59 0 [ERROR] Do you already have another server running on port: 3306 ?
2021-10-31 19:35:59 0 [ERROR] Aborting
